INFO  started: Metals version 0.8.0 in workspace '/Users/tishaphillips1/Desktop/Trinity University/WebApps/VideoStreamingApp'
INFO  time: initialize in 4.78s
WARN  Skipping build import, no checksum.
WARN  Skipping build import, no checksum.
WARN  Skipping build import, no checksum.
WARN  no build target for: /Users/tishaphillips1/Desktop/Trinity University/WebApps/VideoStreamingApp/test/controllers/HomeControllerSpec.scala
INFO  no build target: using presentation compiler with only scala-library
INFO  running '/Library/Java/JavaVirtualMachines/jdk-9.0.4.jdk/Contents/Home/bin/java -Djline.terminal=jline.UnsupportedTerminal -Dsbt.log.noformat=true -Dfile.encoding=UTF-8 -jar /var/folders/4h/1rq44hjj707b8hqqpg2569280000gp/T/metals14096961696431293012/sbt-launch.jar set bloopExportJarClassifiers in Global := Some(Set("sources")) bloopInstall'
INFO  skipping build import with status 'Dismissed'
INFO  skipping build import with status 'Dismissed'
INFO  [info] Loading global plugins from /Users/tishaphillips1/.sbt/1.0/plugins
INFO  [info] Loading settings for project videostreamingapp-build from plugins.sbt,metals.sbt ...
INFO  [info] Loading project definition from /Users/tishaphillips1/Desktop/Trinity University/WebApps/VideoStreamingApp/project
INFO  [warn] There may be incompatibilities among your library dependencies; run 'evicted' to see detailed eviction warnings.
INFO  [info] Loading settings for project root from build.sbt ...
INFO  [info] Set current project to VideoStreamingApp (in build file:/Users/tishaphillips1/Desktop/Trinity%20University/WebApps/VideoStreamingApp/)
INFO  [info] Defining Global / bloopExportJarClassifiers
INFO  [info] The new value will be used by ThisBuild / bloopExportJarClassifiers
INFO  [info] Reapplying settings...
INFO  [info] Set current project to VideoStreamingApp (in build file:/Users/tishaphillips1/Desktop/Trinity%20University/WebApps/VideoStreamingApp/)
INFO  [warn] There may be incompatibilities among your library dependencies; run 'evicted' to see detailed eviction warnings.
INFO  [success] Generated .bloop/root-test.json
INFO  [success] Generated .bloop/root.json
INFO  [success] Total time: 3 s, completed Mar 31, 2020, 5:23:07 PM
INFO  build tool exit: 0
INFO  time: ran 'sbt bloopInstall' in 24s
Starting the bsp launcher for bloop...
Opening a bsp server connection with 'bsp --protocol local --socket /var/folders/4h/1rq44hjj707b8hqqpg2569280000gp/T/bsp-launcher15111814825492092954/bsp.socket'...
Waiting for the bsp connection to come up...
[0m[32m[D][0m Waiting for a connection at local:///var/folders/4h/1rq44hjj707b8hqqpg2569280000gp/T/bsp-launcher15111814825492092954/bsp.socket...
The server is listening for incoming connections at local:///var/folders/4h/1rq44hjj707b8hqqpg2569280000gp/T/bsp-launcher15111814825492092954/bsp.socket...
Starting thread that pumps stdin and redirects it to the bsp server...
Starting thread that pumps server stdout and redirects it to the client stdout...
INFO  tracing is disabled for protocol BSP, to enable tracing of incoming and outgoing JSON messages create an empty file at /Users/tishaphillips1/Library/Caches/org.scalameta.metals/bsp.trace.json
INFO  time: connected to build server in 1.37s
INFO  Connected to Build server v1.4.0-RC1
ERROR Empty build targets. Expected at least one build target identifier.
ERROR Empty build targets. Expected at least one build target identifier.
ERROR Empty build targets. Expected at least one build target identifier.
INFO  time: imported build in 0.12s
INFO  time: indexed workspace in 3.65s
ERROR Empty build targets. Expected at least one build target identifier.
ERROR Empty build targets. Expected at least one build target identifier.
WARN  no build target for: /Users/tishaphillips1/Desktop/Trinity University/WebApps/VideoStreamingApp/test/controllers/HomeControllerSpec.scala
WARN  no build target for: /Users/tishaphillips1/Desktop/Trinity University/WebApps/VideoStreamingApp/app/controllers/HomeController.scala
INFO  running '/Library/Java/JavaVirtualMachines/jdk-9.0.4.jdk/Contents/Home/bin/java -Djline.terminal=jline.UnsupportedTerminal -Dsbt.log.noformat=true -Dfile.encoding=UTF-8 -jar /var/folders/4h/1rq44hjj707b8hqqpg2569280000gp/T/metals14290427976934986720/sbt-launch.jar set bloopExportJarClassifiers in Global := Some(Set("sources")) bloopInstall'
INFO  [info] Loading global plugins from /Users/tishaphillips1/.sbt/1.0/plugins
INFO  [info] Loading settings for project videostreamingapp-build from plugins.sbt,metals.sbt ...
INFO  [info] Loading project definition from /Users/tishaphillips1/Desktop/Trinity University/WebApps/VideoStreamingApp/project
ERROR /Users/tishaphillips1/Desktop/Trinity University/WebApps/VideoStreamingApp/build.sbt:1: error: not found: object sbtcrossproject
ERROR import sbtcrossproject.{crossProject, CrossType}
ERROR        ^
ERROR /Users/tishaphillips1/Desktop/Trinity University/WebApps/VideoStreamingApp/build.sbt:35: error: not found: value scalaJSUseMainModuleInitializer
ERROR   scalaJSUseMainModuleInitializer := true,
ERROR   ^
ERROR /Users/tishaphillips1/Desktop/Trinity University/WebApps/VideoStreamingApp/build.sbt:37: error: value %%% is not a member of String
ERROR     "org.scala-js" %%% "scalajs-dom" % "0.9.5",
ERROR                    ^
ERROR /Users/tishaphillips1/Desktop/Trinity University/WebApps/VideoStreamingApp/build.sbt:38: error: value %%% is not a member of String
ERROR 		"me.shadaj" %%% "slinky-core" % "0.6.3",
ERROR                             ^
ERROR /Users/tishaphillips1/Desktop/Trinity University/WebApps/VideoStreamingApp/build.sbt:39: error: value %%% is not a member of String
ERROR 		"me.shadaj" %%% "slinky-web" % "0.6.3",
ERROR                             ^
ERROR /Users/tishaphillips1/Desktop/Trinity University/WebApps/VideoStreamingApp/build.sbt:43: error: not found: value ScalaJSPlugin
ERROR ).enablePlugins(ScalaJSPlugin, ScalaJSWeb).
ERROR                 ^
ERROR /Users/tishaphillips1/Desktop/Trinity University/WebApps/VideoStreamingApp/build.sbt:43: error: not found: value ScalaJSWeb
ERROR ).enablePlugins(ScalaJSPlugin, ScalaJSWeb).
ERROR                                ^
ERROR /Users/tishaphillips1/Desktop/Trinity University/WebApps/VideoStreamingApp/build.sbt:46: error: not found: value crossProject
ERROR lazy val shared = crossProject(JSPlatform, JVMPlatform)
ERROR                   ^
ERROR /Users/tishaphillips1/Desktop/Trinity University/WebApps/VideoStreamingApp/build.sbt:46: error: not found: value JSPlatform
ERROR lazy val shared = crossProject(JSPlatform, JVMPlatform)
ERROR                                ^
ERROR /Users/tishaphillips1/Desktop/Trinity University/WebApps/VideoStreamingApp/build.sbt:46: error: not found: value JVMPlatform
ERROR lazy val shared = crossProject(JSPlatform, JVMPlatform)
ERROR                                            ^
ERROR /Users/tishaphillips1/Desktop/Trinity University/WebApps/VideoStreamingApp/build.sbt:47: error: not found: value CrossType
ERROR   .crossType(CrossType.Pure)
ERROR              ^
ERROR /Users/tishaphillips1/Desktop/Trinity University/WebApps/VideoStreamingApp/build.sbt:5: error: not found: value scalaJSPipeline
ERROR   pipelineStages in Assets := Seq(scalaJSPipeline),
ERROR                                   ^
ERROR /Users/tishaphillips1/Desktop/Trinity University/WebApps/VideoStreamingApp/build.sbt:6: error: not found: value digest
ERROR   pipelineStages := Seq(digest, gzip),
ERROR                         ^
ERROR /Users/tishaphillips1/Desktop/Trinity University/WebApps/VideoStreamingApp/build.sbt:6: error: not found: value gzip
ERROR   pipelineStages := Seq(digest, gzip),
ERROR                                 ^
ERROR /Users/tishaphillips1/Desktop/Trinity University/WebApps/VideoStreamingApp/build.sbt:8: error: not found: value scalaJSPipeline
ERROR   compile in Compile := ((compile in Compile) dependsOn scalaJSPipeline).value,
ERROR                                                         ^
ERROR /Users/tishaphillips1/Desktop/Trinity University/WebApps/VideoStreamingApp/build.sbt:19: error: not found: value EclipseKeys
ERROR   EclipseKeys.preTasks := Seq(compile in Compile)
ERROR   ^
ERROR /Users/tishaphillips1/Desktop/Trinity University/WebApps/VideoStreamingApp/build.sbt:22: error: not found: value herokuAppName
ERROR     herokuAppName in Compile := "jphilli3messageboard",
ERROR     ^
ERROR /Users/tishaphillips1/Desktop/Trinity University/WebApps/VideoStreamingApp/build.sbt:23: error: not found: value herokuProcessTypes
ERROR     herokuProcessTypes in Compile := Map(
ERROR     ^
ERROR /Users/tishaphillips1/Desktop/Trinity University/WebApps/VideoStreamingApp/build.sbt:27: error: not found: value herokuIncludePaths
ERROR   herokuIncludePaths in Compile := Seq(
ERROR   ^
INFO  [error] sbt.compiler.EvalException: Type error in expression
INFO  [error] Use 'last' for the full log.
INFO  Project loading failed: (r)etry, (q)uit, (l)ast, or (i)gnore? 
INFO  build tool exit: 1
INFO  time: ran 'sbt bloopInstall' in 12s
ERROR sbt command failed: /Library/Java/JavaVirtualMachines/jdk-9.0.4.jdk/Contents/Home/bin/java -Djline.terminal=jline.UnsupportedTerminal -Dsbt.log.noformat=true -Dfile.encoding=UTF-8 -jar /var/folders/4h/1rq44hjj707b8hqqpg2569280000gp/T/metals14290427976934986720/sbt-launch.jar set bloopExportJarClassifiers in Global := Some(Set("sources")) bloopInstall
INFO  disconnected: build server
No more data in the client stdin, exiting...
Starting the bsp launcher for bloop...
Opening a bsp server connection with 'bsp --protocol local --socket /var/folders/4h/1rq44hjj707b8hqqpg2569280000gp/T/bsp-launcher17918759609598512308/bsp.socket'...
Waiting for the bsp connection to come up...
No more data in the server stdin, exiting...
No more data in the server stdin, exiting...
[0m[32m[D][0m Waiting for a connection at local:///var/folders/4h/1rq44hjj707b8hqqpg2569280000gp/T/bsp-launcher17918759609598512308/bsp.socket...
The server is listening for incoming connections at local:///var/folders/4h/1rq44hjj707b8hqqpg2569280000gp/T/bsp-launcher17918759609598512308/bsp.socket...
Starting thread that pumps stdin and redirects it to the bsp server...
Starting thread that pumps server stdout and redirects it to the client stdout...
INFO  tracing is disabled for protocol BSP, to enable tracing of incoming and outgoing JSON messages create an empty file at /Users/tishaphillips1/Library/Caches/org.scalameta.metals/bsp.trace.json
INFO  time: connected to build server in 0.16s
INFO  Connected to Build server v1.4.0-RC1
ERROR Empty build targets. Expected at least one build target identifier.
ERROR Empty build targets. Expected at least one build target identifier.
ERROR Empty build targets. Expected at least one build target identifier.
INFO  time: indexed workspace in 2.04s
ERROR Empty build targets. Expected at least one build target identifier.
ERROR Empty build targets. Expected at least one build target identifier.
INFO  running '/Library/Java/JavaVirtualMachines/jdk-9.0.4.jdk/Contents/Home/bin/java -Djline.terminal=jline.UnsupportedTerminal -Dsbt.log.noformat=true -Dfile.encoding=UTF-8 -jar /var/folders/4h/1rq44hjj707b8hqqpg2569280000gp/T/metals15331290585545834746/sbt-launch.jar set bloopExportJarClassifiers in Global := Some(Set("sources")) bloopInstall'
INFO  [info] Loading global plugins from /Users/tishaphillips1/.sbt/1.0/plugins
INFO  [info] Loading settings for project videostreamingapp-build from plugins.sbt,metals.sbt ...
INFO  [info] Loading project definition from /Users/tishaphillips1/Desktop/Trinity University/WebApps/VideoStreamingApp/project
INFO  [info] Loading settings for project root from build.sbt ...
INFO  [info] Set current project to VideoStreamingApp (in build file:/Users/tishaphillips1/Desktop/Trinity%20University/WebApps/VideoStreamingApp/)
INFO  [info] Defining Global / bloopExportJarClassifiers
INFO  [info] The new value will be used by ThisBuild / bloopExportJarClassifiers
INFO  [info] Reapplying settings...
INFO  [info] Set current project to VideoStreamingApp (in build file:/Users/tishaphillips1/Desktop/Trinity%20University/WebApps/VideoStreamingApp/)
INFO  [error] [Error] /Users/tishaphillips1/Desktop/Trinity University/WebApps/VideoStreamingApp/app/views/main.scala.html:18
INFO  [error]     <script src="https://unpkg.com/react@16/umd/react.development.js" crossorigin></script>: Invalid '@' symbol
INFO  [success] Generated .bloop/root-test.json
INFO  [error] (Compile / twirlCompileTemplates) Twirl compilation failed
INFO  [error] Total time: 2 s, completed Mar 31, 2020, 10:33:01 PM
INFO  build tool exit: 1
INFO  time: ran 'sbt bloopInstall' in 19s
ERROR sbt command failed: /Library/Java/JavaVirtualMachines/jdk-9.0.4.jdk/Contents/Home/bin/java -Djline.terminal=jline.UnsupportedTerminal -Dsbt.log.noformat=true -Dfile.encoding=UTF-8 -jar /var/folders/4h/1rq44hjj707b8hqqpg2569280000gp/T/metals15331290585545834746/sbt-launch.jar set bloopExportJarClassifiers in Global := Some(Set("sources")) bloopInstall
INFO  disconnected: build server
No more data in the client stdin, exiting...
Starting the bsp launcher for bloop...
Opening a bsp server connection with 'bsp --protocol local --socket /var/folders/4h/1rq44hjj707b8hqqpg2569280000gp/T/bsp-launcher2177760215159847446/bsp.socket'...
No more data in the server stdin, exiting...
No more data in the server stdin, exiting...
Waiting for the bsp connection to come up...
[0m[32m[D][0m Waiting for a connection at local:///var/folders/4h/1rq44hjj707b8hqqpg2569280000gp/T/bsp-launcher2177760215159847446/bsp.socket...
The server is listening for incoming connections at local:///var/folders/4h/1rq44hjj707b8hqqpg2569280000gp/T/bsp-launcher2177760215159847446/bsp.socket...
Starting thread that pumps stdin and redirects it to the bsp server...
Starting thread that pumps server stdout and redirects it to the client stdout...
INFO  tracing is disabled for protocol BSP, to enable tracing of incoming and outgoing JSON messages create an empty file at /Users/tishaphillips1/Library/Caches/org.scalameta.metals/bsp.trace.json
INFO  Connected to Build server v1.4.0-RC1
ERROR Empty build targets. Expected at least one build target identifier.
ERROR Empty build targets. Expected at least one build target identifier.
ERROR Empty build targets. Expected at least one build target identifier.
INFO  time: indexed workspace in 1.62s
ERROR Empty build targets. Expected at least one build target identifier.
ERROR Empty build targets. Expected at least one build target identifier.
INFO  running '/Library/Java/JavaVirtualMachines/jdk-9.0.4.jdk/Contents/Home/bin/java -Djline.terminal=jline.UnsupportedTerminal -Dsbt.log.noformat=true -Dfile.encoding=UTF-8 -jar /var/folders/4h/1rq44hjj707b8hqqpg2569280000gp/T/metals15310190966108391072/sbt-launch.jar set bloopExportJarClassifiers in Global := Some(Set("sources")) bloopInstall'
INFO  [info] Loading global plugins from /Users/tishaphillips1/.sbt/1.0/plugins
INFO  [info] Loading settings for project videostreamingapp-build from plugins.sbt,metals.sbt ...
INFO  [info] Loading project definition from /Users/tishaphillips1/Desktop/Trinity University/WebApps/VideoStreamingApp/project
ERROR /Users/tishaphillips1/Desktop/Trinity University/WebApps/VideoStreamingApp/build.sbt:18: error: not found: value ScalaJSBundlerPlugin
ERROR enablePlugins(ScalaJSBundlerPlugin)
ERROR               ^
INFO  [error] Type error in expression
INFO  Project loading failed: (r)etry, (q)uit, (l)ast, or (i)gnore? 
INFO  build tool exit: 1
INFO  time: ran 'sbt bloopInstall' in 10s
ERROR sbt command failed: /Library/Java/JavaVirtualMachines/jdk-9.0.4.jdk/Contents/Home/bin/java -Djline.terminal=jline.UnsupportedTerminal -Dsbt.log.noformat=true -Dfile.encoding=UTF-8 -jar /var/folders/4h/1rq44hjj707b8hqqpg2569280000gp/T/metals15310190966108391072/sbt-launch.jar set bloopExportJarClassifiers in Global := Some(Set("sources")) bloopInstall
INFO  disconnected: build server
No more data in the client stdin, exiting...
Starting the bsp launcher for bloop...
Opening a bsp server connection with 'bsp --protocol local --socket /var/folders/4h/1rq44hjj707b8hqqpg2569280000gp/T/bsp-launcher10977477207388344384/bsp.socket'...
Waiting for the bsp connection to come up...
No more data in the server stdin, exiting...
No more data in the server stdin, exiting...
[0m[32m[D][0m Waiting for a connection at local:///var/folders/4h/1rq44hjj707b8hqqpg2569280000gp/T/bsp-launcher10977477207388344384/bsp.socket...
The server is listening for incoming connections at local:///var/folders/4h/1rq44hjj707b8hqqpg2569280000gp/T/bsp-launcher10977477207388344384/bsp.socket...
Starting thread that pumps stdin and redirects it to the bsp server...
Starting thread that pumps server stdout and redirects it to the client stdout...
INFO  tracing is disabled for protocol BSP, to enable tracing of incoming and outgoing JSON messages create an empty file at /Users/tishaphillips1/Library/Caches/org.scalameta.metals/bsp.trace.json
INFO  time: connected to build server in 0.11s
INFO  Connected to Build server v1.4.0-RC1
ERROR Empty build targets. Expected at least one build target identifier.
ERROR Empty build targets. Expected at least one build target identifier.
ERROR Empty build targets. Expected at least one build target identifier.
INFO  time: indexed workspace in 1.34s
ERROR Empty build targets. Expected at least one build target identifier.
ERROR Empty build targets. Expected at least one build target identifier.
INFO  running '/Library/Java/JavaVirtualMachines/jdk-9.0.4.jdk/Contents/Home/bin/java -Djline.terminal=jline.UnsupportedTerminal -Dsbt.log.noformat=true -Dfile.encoding=UTF-8 -jar /var/folders/4h/1rq44hjj707b8hqqpg2569280000gp/T/metals17702699655425418987/sbt-launch.jar set bloopExportJarClassifiers in Global := Some(Set("sources")) bloopInstall'
INFO  [info] Loading global plugins from /Users/tishaphillips1/.sbt/1.0/plugins
INFO  [info] Loading settings for project videostreamingapp-build from plugins.sbt,metals.sbt ...
INFO  [info] Loading project definition from /Users/tishaphillips1/Desktop/Trinity University/WebApps/VideoStreamingApp/project
ERROR /Users/tishaphillips1/Desktop/Trinity University/WebApps/VideoStreamingApp/build.sbt:1: error: not found: value ScalaJSBundlerPlugin
ERROR enablePlugins(ScalaJSBundlerPlugin)
ERROR               ^
INFO  [error] Type error in expression
INFO  Project loading failed: (r)etry, (q)uit, (l)ast, or (i)gnore? 
INFO  build tool exit: 1
INFO  time: ran 'sbt bloopInstall' in 11s
ERROR sbt command failed: /Library/Java/JavaVirtualMachines/jdk-9.0.4.jdk/Contents/Home/bin/java -Djline.terminal=jline.UnsupportedTerminal -Dsbt.log.noformat=true -Dfile.encoding=UTF-8 -jar /var/folders/4h/1rq44hjj707b8hqqpg2569280000gp/T/metals17702699655425418987/sbt-launch.jar set bloopExportJarClassifiers in Global := Some(Set("sources")) bloopInstall
INFO  disconnected: build server
No more data in the client stdin, exiting...
Starting the bsp launcher for bloop...
Opening a bsp server connection with 'bsp --protocol local --socket /var/folders/4h/1rq44hjj707b8hqqpg2569280000gp/T/bsp-launcher9525170673785527098/bsp.socket'...
Waiting for the bsp connection to come up...
No more data in the server stdin, exiting...
No more data in the server stdin, exiting...
[0m[32m[D][0m Waiting for a connection at local:///var/folders/4h/1rq44hjj707b8hqqpg2569280000gp/T/bsp-launcher9525170673785527098/bsp.socket...
The server is listening for incoming connections at local:///var/folders/4h/1rq44hjj707b8hqqpg2569280000gp/T/bsp-launcher9525170673785527098/bsp.socket...
Starting thread that pumps stdin and redirects it to the bsp server...
Starting thread that pumps server stdout and redirects it to the client stdout...
INFO  tracing is disabled for protocol BSP, to enable tracing of incoming and outgoing JSON messages create an empty file at /Users/tishaphillips1/Library/Caches/org.scalameta.metals/bsp.trace.json
INFO  Connected to Build server v1.4.0-RC1
ERROR Empty build targets. Expected at least one build target identifier.
ERROR Empty build targets. Expected at least one build target identifier.
ERROR Empty build targets. Expected at least one build target identifier.
INFO  time: indexed workspace in 1.31s
ERROR Empty build targets. Expected at least one build target identifier.
ERROR Empty build targets. Expected at least one build target identifier.
INFO  skipping build import with status 'Failed'
INFO  running '/Library/Java/JavaVirtualMachines/jdk-9.0.4.jdk/Contents/Home/bin/java -Djline.terminal=jline.UnsupportedTerminal -Dsbt.log.noformat=true -Dfile.encoding=UTF-8 -jar /var/folders/4h/1rq44hjj707b8hqqpg2569280000gp/T/metals6622460191147411947/sbt-launch.jar set bloopExportJarClassifiers in Global := Some(Set("sources")) bloopInstall'
INFO  [info] Loading global plugins from /Users/tishaphillips1/.sbt/1.0/plugins
INFO  [info] Loading settings for project videostreamingapp-build from plugins.sbt,metals.sbt ...
INFO  [info] Loading project definition from /Users/tishaphillips1/Desktop/Trinity University/WebApps/VideoStreamingApp/project
ERROR /Users/tishaphillips1/Desktop/Trinity University/WebApps/VideoStreamingApp/build.sbt:1: error: not found: value ScalaJSBundlerPlugin
ERROR enablePlugins(ScalaJSBundlerPlugin)
ERROR               ^
INFO  [error] Type error in expression
INFO  Project loading failed: (r)etry, (q)uit, (l)ast, or (i)gnore? 
INFO  build tool exit: 1
INFO  time: ran 'sbt bloopInstall' in 15s
ERROR sbt command failed: /Library/Java/JavaVirtualMachines/jdk-9.0.4.jdk/Contents/Home/bin/java -Djline.terminal=jline.UnsupportedTerminal -Dsbt.log.noformat=true -Dfile.encoding=UTF-8 -jar /var/folders/4h/1rq44hjj707b8hqqpg2569280000gp/T/metals6622460191147411947/sbt-launch.jar set bloopExportJarClassifiers in Global := Some(Set("sources")) bloopInstall
INFO  disconnected: build server
No more data in the client stdin, exiting...
Starting the bsp launcher for bloop...
Opening a bsp server connection with 'bsp --protocol local --socket /var/folders/4h/1rq44hjj707b8hqqpg2569280000gp/T/bsp-launcher17261894635636385112/bsp.socket'...
Waiting for the bsp connection to come up...
No more data in the server stdin, exiting...
No more data in the server stdin, exiting...
[0m[32m[D][0m Waiting for a connection at local:///var/folders/4h/1rq44hjj707b8hqqpg2569280000gp/T/bsp-launcher17261894635636385112/bsp.socket...
The server is listening for incoming connections at local:///var/folders/4h/1rq44hjj707b8hqqpg2569280000gp/T/bsp-launcher17261894635636385112/bsp.socket...
Starting thread that pumps stdin and redirects it to the bsp server...
Starting thread that pumps server stdout and redirects it to the client stdout...
INFO  tracing is disabled for protocol BSP, to enable tracing of incoming and outgoing JSON messages create an empty file at /Users/tishaphillips1/Library/Caches/org.scalameta.metals/bsp.trace.json
INFO  Connected to Build server v1.4.0-RC1
ERROR Empty build targets. Expected at least one build target identifier.
ERROR Empty build targets. Expected at least one build target identifier.
ERROR Empty build targets. Expected at least one build target identifier.
INFO  time: indexed workspace in 1.33s
ERROR Empty build targets. Expected at least one build target identifier.
ERROR Empty build targets. Expected at least one build target identifier.
INFO  running '/Library/Java/JavaVirtualMachines/jdk-9.0.4.jdk/Contents/Home/bin/java -Djline.terminal=jline.UnsupportedTerminal -Dsbt.log.noformat=true -Dfile.encoding=UTF-8 -jar /var/folders/4h/1rq44hjj707b8hqqpg2569280000gp/T/metals15293988702692591255/sbt-launch.jar set bloopExportJarClassifiers in Global := Some(Set("sources")) bloopInstall'
INFO  [info] Loading global plugins from /Users/tishaphillips1/.sbt/1.0/plugins
INFO  [info] Loading settings for project videostreamingapp-build from plugins.sbt,metals.sbt ...
INFO  [info] Loading project definition from /Users/tishaphillips1/Desktop/Trinity University/WebApps/VideoStreamingApp/project
ERROR /Users/tishaphillips1/Desktop/Trinity University/WebApps/VideoStreamingApp/build.sbt:20: error: value %%% is not a member of String
ERROR libraryDependencies += "me.shadaj" %%% "slinky-core" % "0.6.4"
ERROR                                    ^
INFO  [error] Type error in expression
INFO  Project loading failed: (r)etry, (q)uit, (l)ast, or (i)gnore? 
INFO  build tool exit: 1
INFO  time: ran 'sbt bloopInstall' in 14s
ERROR sbt command failed: /Library/Java/JavaVirtualMachines/jdk-9.0.4.jdk/Contents/Home/bin/java -Djline.terminal=jline.UnsupportedTerminal -Dsbt.log.noformat=true -Dfile.encoding=UTF-8 -jar /var/folders/4h/1rq44hjj707b8hqqpg2569280000gp/T/metals15293988702692591255/sbt-launch.jar set bloopExportJarClassifiers in Global := Some(Set("sources")) bloopInstall
INFO  disconnected: build server
No more data in the client stdin, exiting...
Starting the bsp launcher for bloop...
Opening a bsp server connection with 'bsp --protocol local --socket /var/folders/4h/1rq44hjj707b8hqqpg2569280000gp/T/bsp-launcher14248416132327220659/bsp.socket'...
No more data in the server stdin, exiting...
No more data in the server stdin, exiting...
Waiting for the bsp connection to come up...
[0m[32m[D][0m Waiting for a connection at local:///var/folders/4h/1rq44hjj707b8hqqpg2569280000gp/T/bsp-launcher14248416132327220659/bsp.socket...
The server is listening for incoming connections at local:///var/folders/4h/1rq44hjj707b8hqqpg2569280000gp/T/bsp-launcher14248416132327220659/bsp.socket...
Starting thread that pumps stdin and redirects it to the bsp server...
Starting thread that pumps server stdout and redirects it to the client stdout...
INFO  tracing is disabled for protocol BSP, to enable tracing of incoming and outgoing JSON messages create an empty file at /Users/tishaphillips1/Library/Caches/org.scalameta.metals/bsp.trace.json
INFO  Connected to Build server v1.4.0-RC1
ERROR Empty build targets. Expected at least one build target identifier.
ERROR Empty build targets. Expected at least one build target identifier.
ERROR Empty build targets. Expected at least one build target identifier.
INFO  time: indexed workspace in 1.43s
ERROR Empty build targets. Expected at least one build target identifier.
ERROR Empty build targets. Expected at least one build target identifier.
INFO  skipping build import with status 'Failed'
INFO  running '/Library/Java/JavaVirtualMachines/jdk-9.0.4.jdk/Contents/Home/bin/java -Djline.terminal=jline.UnsupportedTerminal -Dsbt.log.noformat=true -Dfile.encoding=UTF-8 -jar /var/folders/4h/1rq44hjj707b8hqqpg2569280000gp/T/metals15479373920980489131/sbt-launch.jar set bloopExportJarClassifiers in Global := Some(Set("sources")) bloopInstall'
INFO  [info] Loading global plugins from /Users/tishaphillips1/.sbt/1.0/plugins
INFO  [info] Loading settings for project videostreamingapp-build from plugins.sbt,metals.sbt ...
INFO  [info] Loading project definition from /Users/tishaphillips1/Desktop/Trinity University/WebApps/VideoStreamingApp/project
ERROR /Users/tishaphillips1/Desktop/Trinity University/WebApps/VideoStreamingApp/build.sbt:18: error: value %%% is not a member of String
ERROR libraryDependencies += "me.shadaj" %%% "slinky-core" % "0.6.4"
ERROR                                    ^
INFO  [error] Type error in expression
INFO  Project loading failed: (r)etry, (q)uit, (l)ast, or (i)gnore? 
INFO  build tool exit: 1
INFO  time: ran 'sbt bloopInstall' in 11s
ERROR sbt command failed: /Library/Java/JavaVirtualMachines/jdk-9.0.4.jdk/Contents/Home/bin/java -Djline.terminal=jline.UnsupportedTerminal -Dsbt.log.noformat=true -Dfile.encoding=UTF-8 -jar /var/folders/4h/1rq44hjj707b8hqqpg2569280000gp/T/metals15479373920980489131/sbt-launch.jar set bloopExportJarClassifiers in Global := Some(Set("sources")) bloopInstall
INFO  disconnected: build server
No more data in the client stdin, exiting...
Starting the bsp launcher for bloop...
No more data in the server stdin, exiting...
No more data in the server stdin, exiting...
Opening a bsp server connection with 'bsp --protocol local --socket /var/folders/4h/1rq44hjj707b8hqqpg2569280000gp/T/bsp-launcher3081941067778252813/bsp.socket'...
Waiting for the bsp connection to come up...
[0m[32m[D][0m Waiting for a connection at local:///var/folders/4h/1rq44hjj707b8hqqpg2569280000gp/T/bsp-launcher3081941067778252813/bsp.socket...
The server is listening for incoming connections at local:///var/folders/4h/1rq44hjj707b8hqqpg2569280000gp/T/bsp-launcher3081941067778252813/bsp.socket...
Starting thread that pumps stdin and redirects it to the bsp server...
Starting thread that pumps server stdout and redirects it to the client stdout...
INFO  tracing is disabled for protocol BSP, to enable tracing of incoming and outgoing JSON messages create an empty file at /Users/tishaphillips1/Library/Caches/org.scalameta.metals/bsp.trace.json
INFO  Connected to Build server v1.4.0-RC1
ERROR Empty build targets. Expected at least one build target identifier.
ERROR Empty build targets. Expected at least one build target identifier.
ERROR Empty build targets. Expected at least one build target identifier.
INFO  time: indexed workspace in 1.29s
ERROR Empty build targets. Expected at least one build target identifier.
ERROR Empty build targets. Expected at least one build target identifier.
INFO  running '/Library/Java/JavaVirtualMachines/jdk-9.0.4.jdk/Contents/Home/bin/java -Djline.terminal=jline.UnsupportedTerminal -Dsbt.log.noformat=true -Dfile.encoding=UTF-8 -jar /var/folders/4h/1rq44hjj707b8hqqpg2569280000gp/T/metals14103104270424872784/sbt-launch.jar set bloopExportJarClassifiers in Global := Some(Set("sources")) bloopInstall'
INFO  [info] Loading global plugins from /Users/tishaphillips1/.sbt/1.0/plugins
INFO  [info] Loading settings for project videostreamingapp-build from plugins.sbt,metals.sbt ...
INFO  [info] Loading project definition from /Users/tishaphillips1/Desktop/Trinity University/WebApps/VideoStreamingApp/project
ERROR /Users/tishaphillips1/Desktop/Trinity University/WebApps/VideoStreamingApp/build.sbt:18: error: value %%% is not a member of String
ERROR libraryDependencies += "me.shadaj" %%% "slinky-core" % "0.6.4"
ERROR                                    ^
INFO  [error] Type error in expression
INFO  Project loading failed: (r)etry, (q)uit, (l)ast, or (i)gnore? 
INFO  build tool exit: 1
INFO  time: ran 'sbt bloopInstall' in 10s
ERROR sbt command failed: /Library/Java/JavaVirtualMachines/jdk-9.0.4.jdk/Contents/Home/bin/java -Djline.terminal=jline.UnsupportedTerminal -Dsbt.log.noformat=true -Dfile.encoding=UTF-8 -jar /var/folders/4h/1rq44hjj707b8hqqpg2569280000gp/T/metals14103104270424872784/sbt-launch.jar set bloopExportJarClassifiers in Global := Some(Set("sources")) bloopInstall
INFO  disconnected: build server
No more data in the client stdin, exiting...
Starting the bsp launcher for bloop...
Opening a bsp server connection with 'bsp --protocol local --socket /var/folders/4h/1rq44hjj707b8hqqpg2569280000gp/T/bsp-launcher8972154017781808467/bsp.socket'...
Waiting for the bsp connection to come up...
No more data in the server stdin, exiting...
No more data in the server stdin, exiting...
[0m[32m[D][0m Waiting for a connection at local:///var/folders/4h/1rq44hjj707b8hqqpg2569280000gp/T/bsp-launcher8972154017781808467/bsp.socket...
The server is listening for incoming connections at local:///var/folders/4h/1rq44hjj707b8hqqpg2569280000gp/T/bsp-launcher8972154017781808467/bsp.socket...
Starting thread that pumps stdin and redirects it to the bsp server...
Starting thread that pumps server stdout and redirects it to the client stdout...
INFO  tracing is disabled for protocol BSP, to enable tracing of incoming and outgoing JSON messages create an empty file at /Users/tishaphillips1/Library/Caches/org.scalameta.metals/bsp.trace.json
INFO  Connected to Build server v1.4.0-RC1
ERROR Empty build targets. Expected at least one build target identifier.
ERROR Empty build targets. Expected at least one build target identifier.
ERROR Empty build targets. Expected at least one build target identifier.
INFO  time: indexed workspace in 1.28s
ERROR Empty build targets. Expected at least one build target identifier.
ERROR Empty build targets. Expected at least one build target identifier.
INFO  skipping build import with status 'Requested'
INFO  skipping build import with status 'Dismissed'
INFO  skipping build import with status 'Dismissed'
INFO  skipping build import with status 'Dismissed'
INFO  skipping build import with status 'Dismissed'
INFO  skipping build import with status 'Dismissed'
INFO  skipping build import with status 'Dismissed'
INFO  running '/Library/Java/JavaVirtualMachines/jdk-9.0.4.jdk/Contents/Home/bin/java -Djline.terminal=jline.UnsupportedTerminal -Dsbt.log.noformat=true -Dfile.encoding=UTF-8 -jar /var/folders/4h/1rq44hjj707b8hqqpg2569280000gp/T/metals6199239621360970238/sbt-launch.jar set bloopExportJarClassifiers in Global := Some(Set("sources")) bloopInstall'
INFO  [info] Loading global plugins from /Users/tishaphillips1/.sbt/1.0/plugins
INFO  [info] Loading settings for project videostreamingapp-build from plugins.sbt,metals.sbt ...
INFO  [info] Loading project definition from /Users/tishaphillips1/Desktop/Trinity University/WebApps/VideoStreamingApp/project
INFO  [info] Loading settings for project root from build.sbt ...
INFO  [info] Set current project to VideoStreamingApp (in build file:/Users/tishaphillips1/Desktop/Trinity%20University/WebApps/VideoStreamingApp/)
INFO  [info] Defining Global / bloopExportJarClassifiers
INFO  [info] The new value will be used by ThisBuild / bloopExportJarClassifiers
INFO  [info] Reapplying settings...
INFO  [info] Set current project to VideoStreamingApp (in build file:/Users/tishaphillips1/Desktop/Trinity%20University/WebApps/VideoStreamingApp/)
INFO  [error] [Error] /Users/tishaphillips1/Desktop/Trinity University/WebApps/VideoStreamingApp/app/views/main.scala.html:18
INFO  [error]     <script src="https://unpkg.com/react@16/umd/react.development.js" crossorigin></script>: Invalid '@' symbol
INFO  [success] Generated .bloop/root-test.json
INFO  [error] (Compile / twirlCompileTemplates) Twirl compilation failed
INFO  [error] Total time: 1 s, completed Mar 31, 2020, 10:48:24 PM
INFO  build tool exit: 1
INFO  time: ran 'sbt bloopInstall' in 15s
ERROR sbt command failed: /Library/Java/JavaVirtualMachines/jdk-9.0.4.jdk/Contents/Home/bin/java -Djline.terminal=jline.UnsupportedTerminal -Dsbt.log.noformat=true -Dfile.encoding=UTF-8 -jar /var/folders/4h/1rq44hjj707b8hqqpg2569280000gp/T/metals6199239621360970238/sbt-launch.jar set bloopExportJarClassifiers in Global := Some(Set("sources")) bloopInstall
INFO  disconnected: build server
No more data in the client stdin, exiting...
Starting the bsp launcher for bloop...
Opening a bsp server connection with 'bsp --protocol local --socket /var/folders/4h/1rq44hjj707b8hqqpg2569280000gp/T/bsp-launcher1730726089595285845/bsp.socket'...
Waiting for the bsp connection to come up...
No more data in the server stdin, exiting...
No more data in the server stdin, exiting...
[0m[32m[D][0m Waiting for a connection at local:///var/folders/4h/1rq44hjj707b8hqqpg2569280000gp/T/bsp-launcher1730726089595285845/bsp.socket...
The server is listening for incoming connections at local:///var/folders/4h/1rq44hjj707b8hqqpg2569280000gp/T/bsp-launcher1730726089595285845/bsp.socket...
Starting thread that pumps stdin and redirects it to the bsp server...
Starting thread that pumps server stdout and redirects it to the client stdout...
INFO  tracing is disabled for protocol BSP, to enable tracing of incoming and outgoing JSON messages create an empty file at /Users/tishaphillips1/Library/Caches/org.scalameta.metals/bsp.trace.json
INFO  Connected to Build server v1.4.0-RC1
ERROR Empty build targets. Expected at least one build target identifier.
ERROR Empty build targets. Expected at least one build target identifier.
ERROR Empty build targets. Expected at least one build target identifier.
INFO  time: indexed workspace in 1.31s
ERROR Empty build targets. Expected at least one build target identifier.
ERROR Empty build targets. Expected at least one build target identifier.
INFO  running '/Library/Java/JavaVirtualMachines/jdk-9.0.4.jdk/Contents/Home/bin/java -Djline.terminal=jline.UnsupportedTerminal -Dsbt.log.noformat=true -Dfile.encoding=UTF-8 -jar /var/folders/4h/1rq44hjj707b8hqqpg2569280000gp/T/metals8683058919223671200/sbt-launch.jar set bloopExportJarClassifiers in Global := Some(Set("sources")) bloopInstall'
INFO  [info] Loading global plugins from /Users/tishaphillips1/.sbt/1.0/plugins
INFO  [info] Loading settings for project videostreamingapp-build from plugins.sbt,metals.sbt ...
INFO  [info] Loading project definition from /Users/tishaphillips1/Desktop/Trinity University/WebApps/VideoStreamingApp/project
INFO  [info] Loading settings for project root from build.sbt ...
INFO  [info] Set current project to VideoStreamingApp (in build file:/Users/tishaphillips1/Desktop/Trinity%20University/WebApps/VideoStreamingApp/)
INFO  [info] Defining Global / bloopExportJarClassifiers
INFO  [info] The new value will be used by ThisBuild / bloopExportJarClassifiers
INFO  [info] Reapplying settings...
INFO  [info] Set current project to VideoStreamingApp (in build file:/Users/tishaphillips1/Desktop/Trinity%20University/WebApps/VideoStreamingApp/)
INFO  [error] [Error] /Users/tishaphillips1/Desktop/Trinity University/WebApps/VideoStreamingApp/app/views/main.scala.html:18
INFO  [error]     <script src="https://unpkg.com/react@16/umd/react.development.js" crossorigin></script>: Invalid '@' symbol
INFO  [success] Generated .bloop/root-test.json
INFO  [error] (Compile / twirlCompileTemplates) Twirl compilation failed
INFO  [error] Total time: 1 s, completed Mar 31, 2020, 10:51:37 PM
INFO  build tool exit: 1
INFO  time: ran 'sbt bloopInstall' in 15s
ERROR sbt command failed: /Library/Java/JavaVirtualMachines/jdk-9.0.4.jdk/Contents/Home/bin/java -Djline.terminal=jline.UnsupportedTerminal -Dsbt.log.noformat=true -Dfile.encoding=UTF-8 -jar /var/folders/4h/1rq44hjj707b8hqqpg2569280000gp/T/metals8683058919223671200/sbt-launch.jar set bloopExportJarClassifiers in Global := Some(Set("sources")) bloopInstall
INFO  disconnected: build server
No more data in the client stdin, exiting...
Starting the bsp launcher for bloop...
Opening a bsp server connection with 'bsp --protocol local --socket /var/folders/4h/1rq44hjj707b8hqqpg2569280000gp/T/bsp-launcher13341509287022089318/bsp.socket'...
Waiting for the bsp connection to come up...
No more data in the server stdin, exiting...
No more data in the server stdin, exiting...
[0m[32m[D][0m Waiting for a connection at local:///var/folders/4h/1rq44hjj707b8hqqpg2569280000gp/T/bsp-launcher13341509287022089318/bsp.socket...
The server is listening for incoming connections at local:///var/folders/4h/1rq44hjj707b8hqqpg2569280000gp/T/bsp-launcher13341509287022089318/bsp.socket...
Starting thread that pumps stdin and redirects it to the bsp server...
Starting thread that pumps server stdout and redirects it to the client stdout...
INFO  tracing is disabled for protocol BSP, to enable tracing of incoming and outgoing JSON messages create an empty file at /Users/tishaphillips1/Library/Caches/org.scalameta.metals/bsp.trace.json
INFO  Connected to Build server v1.4.0-RC1
ERROR Empty build targets. Expected at least one build target identifier.
ERROR Empty build targets. Expected at least one build target identifier.
ERROR Empty build targets. Expected at least one build target identifier.
INFO  time: indexed workspace in 1.24s
ERROR Empty build targets. Expected at least one build target identifier.
ERROR Empty build targets. Expected at least one build target identifier.
INFO  skipping build import with status 'Failed'
